# JRE version: OpenJDK Runtime Environment (11.0.15) (build 11.0.15+0-b2043.56-9505619)
# Java VM: OpenJDK 64-Bit Server VM (11.0.15+0-b2043.56-9505619, mixed mode, tiered, compressed oops, g1 gc, windows-amd64)
Heap:
 garbage-first heap   total 264192K, used 175033K [0x0000000080000000, 0x0000000100000000)
  region size 1024K, 19 young (19456K), 3 survivors (3072K)
 Metaspace       used 84042K, capacity 86448K, committed 86608K, reserved 1124352K
  class space    used 10751K, capacity 11591K, committed 11680K, reserved 1048576K
GC Heap History (20 events):
Event: 9.142 GC heap before
{Heap before GC invocations=37 (full 0):
 garbage-first heap   total 183296K, used 121540K [0x0000000080000000, 0x0000000100000000)
  region size 1024K, 14 young (14336K), 4 survivors (4096K)
 Metaspace       used 63616K, capacity 65373K, committed 65616K, reserved 1105920K
  class space    used 8072K, capacity 8781K, committed 8864K, reserved 1048576K
}
Event: 9.148 GC heap after
{Heap after GC invocations=38 (full 0):
 garbage-first heap   total 183296K, used 113693K [0x0000000080000000, 0x0000000100000000)
  region size 1024K, 5 young (5120K), 5 survivors (5120K)
 Metaspace       used 63616K, capacity 65373K, committed 65616K, reserved 1105920K
  class space    used 8072K, capacity 8781K, committed 8864K, reserved 1048576K
}
Event: 9.535 GC heap before
{Heap before GC invocations=39 (full 0):
 garbage-first heap   total 183296K, used 148509K [0x0000000080000000, 0x0000000100000000)
  region size 1024K, 37 young (37888K), 5 survivors (5120K)
 Metaspace       used 66152K, capacity 67934K, committed 68176K, reserved 1107968K
  class space    used 8389K, capacity 9113K, committed 9120K, reserved 1048576K
}
Event: 9.540 GC heap after
{Heap after GC invocations=40 (full 0):
 garbage-first heap   total 220160K, used 111985K [0x0000000080000000, 0x0000000100000000)
  region size 1024K, 2 young (2048K), 2 survivors (2048K)
 Metaspace       used 66152K, capacity 67934K, committed 68176K, reserved 1107968K
  class space    used 8389K, capacity 9113K, committed 9120K, reserved 1048576K
}
Event: 9.687 GC heap before
{Heap before GC invocations=40 (full 0):
 garbage-first heap   total 220160K, used 127345K [0x0000000080000000, 0x0000000100000000)
  region size 1024K, 18 young (18432K), 2 survivors (2048K)
 Metaspace       used 67376K, capacity 69208K, committed 69456K, reserved 1110016K
  class space    used 8560K, capacity 9280K, committed 9376K, reserved 1048576K
}
Event: 9.690 GC heap after
{Heap after GC invocations=41 (full 0):
 garbage-first heap   total 220160K, used 112870K [0x0000000080000000, 0x0000000100000000)
  region size 1024K, 3 young (3072K), 3 survivors (3072K)
 Metaspace       used 67376K, capacity 69208K, committed 69456K, reserved 1110016K
  class space    used 8560K, capacity 9280K, committed 9376K, reserved 1048576K
}
Event: 10.003 GC heap before
{Heap before GC invocations=42 (full 0):
 garbage-first heap   total 220160K, used 158950K [0x0000000080000000, 0x0000000100000000)
  region size 1024K, 48 young (49152K), 3 survivors (3072K)
 Metaspace       used 68378K, capacity 70250K, committed 70352K, reserved 1110016K
  class space    used 8708K, capacity 9452K, committed 9504K, reserved 1048576K
}
Event: 10.008 GC heap after
{Heap after GC invocations=43 (full 0):
 garbage-first heap   total 220160K, used 114278K [0x0000000080000000, 0x0000000100000000)
  region size 1024K, 6 young (6144K), 6 survivors (6144K)
 Metaspace       used 68378K, capacity 70250K, committed 70352K, reserved 1110016K
  class space    used 8708K, capacity 9452K, committed 9504K, reserved 1048576K
}
Event: 10.667 GC heap before
{Heap before GC invocations=43 (full 0):
 garbage-first heap   total 220160K, used 162406K [0x0000000080000000, 0x0000000100000000)
  region size 1024K, 53 young (54272K), 6 survivors (6144K)
 Metaspace       used 73721K, capacity 75553K, committed 75856K, reserved 1114112K
  class space    used 9581K, capacity 10342K, committed 10400K, reserved 1048576K
}
Event: 10.677 GC heap after
{Heap after GC invocations=44 (full 0):
 garbage-first heap   total 220160K, used 117172K [0x0000000080000000, 0x0000000100000000)
  region size 1024K, 7 young (7168K), 7 survivors (7168K)
 Metaspace       used 73721K, capacity 75553K, committed 75856K, reserved 1114112K
  class space    used 9581K, capacity 10342K, committed 10400K, reserved 1048576K
}
Event: 11.148 GC heap before
{Heap before GC invocations=45 (full 0):
 garbage-first heap   total 220160K, used 156084K [0x0000000080000000, 0x0000000100000000)
  region size 1024K, 47 young (48128K), 7 survivors (7168K)
 Metaspace       used 77722K, capacity 79606K, committed 79824K, reserved 1118208K
  class space    used 9993K, capacity 10738K, committed 10784K, reserved 1048576K
}
Event: 11.158 GC heap after
{Heap after GC invocations=46 (full 0):
 garbage-first heap   total 220160K, used 122567K [0x0000000080000000, 0x0000000100000000)
  region size 1024K, 7 young (7168K), 7 survivors (7168K)
 Metaspace       used 77722K, capacity 79606K, committed 79824K, reserved 1118208K
  class space    used 9993K, capacity 10738K, committed 10784K, reserved 1048576K
}
Event: 11.250 GC heap before
{Heap before GC invocations=47 (full 0):
 garbage-first heap   total 220160K, used 146119K [0x0000000080000000, 0x0000000100000000)
  region size 1024K, 10 young (10240K), 7 survivors (7168K)
 Metaspace       used 77722K, capacity 79606K, committed 79824K, reserved 1118208K
  class space    used 9993K, capacity 10738K, committed 10784K, reserved 1048576K
}
Event: 11.258 GC heap after
{Heap after GC invocations=48 (full 0):
 garbage-first heap   total 264192K, used 149088K [0x0000000080000000, 0x0000000100000000)
  region size 1024K, 4 young (4096K), 4 survivors (4096K)
 Metaspace       used 77722K, capacity 79606K, committed 79824K, reserved 1118208K
  class space    used 9993K, capacity 10738K, committed 10784K, reserved 1048576K
}
Event: 11.631 GC heap before
{Heap before GC invocations=49 (full 0):
 garbage-first heap   total 264192K, used 192096K [0x0000000080000000, 0x0000000100000000)
  region size 1024K, 41 young (41984K), 4 survivors (4096K)
 Metaspace       used 79638K, capacity 81863K, committed 82000K, reserved 1120256K
  class space    used 10302K, capacity 11121K, committed 11168K, reserved 1048576K
}
Event: 11.636 GC heap after
{Heap after GC invocations=50 (full 0):
 garbage-first heap   total 264192K, used 156287K [0x0000000080000000, 0x0000000100000000)
  region size 1024K, 6 young (6144K), 6 survivors (6144K)
 Metaspace       used 79638K, capacity 81863K, committed 82000K, reserved 1120256K
  class space    used 10302K, capacity 11121K, committed 11168K, reserved 1048576K
}
Event: 11.927 GC heap before
{Heap before GC invocations=50 (full 0):
 garbage-first heap   total 264192K, used 195199K [0x0000000080000000, 0x0000000100000000)
  region size 1024K, 44 young (45056K), 6 survivors (6144K)
 Metaspace       used 80754K, capacity 82978K, committed 83152K, reserved 1122304K
  class space    used 10432K, capacity 11228K, committed 11296K, reserved 1048576K
}
Event: 11.930 GC heap after
{Heap after GC invocations=51 (full 0):
 garbage-first heap   total 264192K, used 157035K [0x0000000080000000, 0x0000000100000000)
  region size 1024K, 2 young (2048K), 2 survivors (2048K)
 Metaspace       used 80754K, capacity 82978K, committed 83152K, reserved 1122304K
  class space    used 10432K, capacity 11228K, committed 11296K, reserved 1048576K
}
Event: 12.188 GC heap before
{Heap before GC invocations=52 (full 0):
 garbage-first heap   total 264192K, used 184683K [0x0000000080000000, 0x0000000100000000)
  region size 1024K, 31 young (31744K), 2 survivors (2048K)
 Metaspace       used 81895K, capacity 84244K, committed 84432K, reserved 1122304K
  class space    used 10554K, capacity 11433K, committed 11552K, reserved 1048576K
}
Event: 12.191 GC heap after
{Heap after GC invocations=53 (full 0):
 garbage-first heap   total 264192K, used 158649K [0x0000000080000000, 0x0000000100000000)
  region size 1024K, 3 young (3072K), 3 survivors (3072K)
 Metaspace       used 81895K, capacity 84244K, committed 84432K, reserved 1122304K
  class space    used 10554K, capacity 11433K, committed 11552K, reserved 1048576K
}

